<?xml version="1.0" encoding="utf-8"?><testsuites name="pytest tests"><testsuite name="pytest" errors="0" failures="0" skipped="0" tests="17" time="3.971" timestamp="2026-02-08T17:16:59.571623+00:00" hostname="agent-env-55b8b31d-45b8-487d-965d-345932eafecd"><testcase classname="backend.tests.test_analytics_system.TestAnalyticsAccessControl" name="test_analytics_endpoint_requires_auth" time="0.070" /><testcase classname="backend.tests.test_analytics_system.TestAnalyticsAccessControl" name="test_starter_vendor_gets_has_access_false" time="0.279" /><testcase classname="backend.tests.test_analytics_system.TestAnalyticsAccessControl" name="test_admin_can_access_analytics" time="0.316" /><testcase classname="backend.tests.test_analytics_system.TestAnalyticsDataStructure" name="test_analytics_response_structure" time="0.279" /><testcase classname="backend.tests.test_analytics_system.TestAnalyticsDataStructure" name="test_sales_analytics_structure" time="0.316" /><testcase classname="backend.tests.test_analytics_system.TestAnalyticsDataStructure" name="test_traffic_analytics_structure" time="0.281" /><testcase classname="backend.tests.test_analytics_system.TestAnalyticsDataStructure" name="test_conversions_analytics_structure" time="0.312" /><testcase classname="backend.tests.test_analytics_system.TestAnalyticsDataStructure" name="test_customers_analytics_structure" time="0.276" /><testcase classname="backend.tests.test_analytics_system.TestPeriodSelector" name="test_period_7d" time="0.273" /><testcase classname="backend.tests.test_analytics_system.TestPeriodSelector" name="test_period_30d" time="0.274" /><testcase classname="backend.tests.test_analytics_system.TestPeriodSelector" name="test_period_90d" time="0.314" /><testcase classname="backend.tests.test_analytics_system.TestPeriodSelector" name="test_period_1y" time="0.278" /><testcase classname="backend.tests.test_analytics_system.TestViewTracking" name="test_track_view_success" time="0.051" /><testcase classname="backend.tests.test_analytics_system.TestViewTracking" name="test_track_view_with_different_sources" time="0.169" /><testcase classname="backend.tests.test_analytics_system.TestViewTracking" name="test_track_view_invalid_product" time="0.037" /><testcase classname="backend.tests.test_analytics_system.TestCartAddTracking" name="test_cart_add_tracking_requires_auth" time="0.046" /><testcase classname="backend.tests.test_analytics_system.TestCartAddTracking" name="test_cart_add_tracking_with_auth" time="0.330" /></testsuite></testsuites>