<?xml version="1.0" encoding="utf-8"?><testsuites name="pytest tests"><testsuite name="pytest" errors="0" failures="0" skipped="0" tests="19" time="2.306" timestamp="2026-02-08T16:04:00.287427+00:00" hostname="agent-env-55b8b31d-45b8-487d-965d-345932eafecd"><testcase classname="backend.tests.test_coupon_system.TestCouponSystem" name="test_get_existing_coupons" time="0.342" /><testcase classname="backend.tests.test_coupon_system.TestCouponSystem" name="test_create_coupon_percentage" time="0.020" /><testcase classname="backend.tests.test_coupon_system.TestCouponSystem" name="test_create_coupon_fixed" time="0.052" /><testcase classname="backend.tests.test_coupon_system.TestCouponSystem" name="test_create_coupon_with_dates" time="0.014" /><testcase classname="backend.tests.test_coupon_system.TestCouponSystem" name="test_get_coupon_by_id" time="0.101" /><testcase classname="backend.tests.test_coupon_system.TestCouponSystem" name="test_update_coupon" time="0.064" /><testcase classname="backend.tests.test_coupon_system.TestCouponSystem" name="test_toggle_coupon_active_status" time="0.086" /><testcase classname="backend.tests.test_coupon_system.TestCouponSystem" name="test_delete_coupon" time="0.112" /><testcase classname="backend.tests.test_coupon_system.TestCouponSystem" name="test_duplicate_code_rejected" time="0.061" /><testcase classname="backend.tests.test_coupon_system.TestCouponSystem" name="test_add_product_to_cart" time="0.355" /><testcase classname="backend.tests.test_coupon_system.TestCouponSystem" name="test_apply_valid_coupon_save20" time="0.036" /><testcase classname="backend.tests.test_coupon_system.TestCouponSystem" name="test_cart_shows_discount_after_coupon" time="0.015" /><testcase classname="backend.tests.test_coupon_system.TestCouponSystem" name="test_remove_coupon_from_cart" time="0.029" /><testcase classname="backend.tests.test_coupon_system.TestCouponSystem" name="test_apply_invalid_coupon_code" time="0.058" /><testcase classname="backend.tests.test_coupon_system.TestCouponSystem" name="test_apply_inactive_coupon" time="0.027" /><testcase classname="backend.tests.test_coupon_system.TestCouponSystem" name="test_coupon_minimum_order_validation" time="0.066" /><testcase classname="backend.tests.test_coupon_system.TestCouponSystem" name="test_validate_coupon_endpoint" time="0.016" /><testcase classname="backend.tests.test_coupon_system.TestCouponSystem" name="test_cleanup_test_coupons" time="0.391" /><testcase classname="backend.tests.test_coupon_system.TestSAVE20CouponExists" name="test_save20_exists_or_create" time="0.307" /></testsuite></testsuites>