<?xml version="1.0" encoding="utf-8"?><testsuites name="pytest tests"><testsuite name="pytest" errors="0" failures="0" skipped="0" tests="31" time="3.252" timestamp="2026-02-08T22:55:00.724417+00:00" hostname="agent-env-d2ba28b9-02bc-4bc1-aa03-2a860122320d"><testcase classname="backend.tests.test_currency_system.TestCurrencySupported" name="test_supported_currencies_returns_200" time="0.091" /><testcase classname="backend.tests.test_currency_system.TestCurrencySupported" name="test_supported_currencies_returns_12_currencies" time="0.041" /><testcase classname="backend.tests.test_currency_system.TestCurrencySupported" name="test_supported_currencies_has_correct_structure" time="0.042" /><testcase classname="backend.tests.test_currency_system.TestCurrencySupported" name="test_supported_currencies_contains_all_expected" time="0.044" /><testcase classname="backend.tests.test_currency_system.TestCurrencySupported" name="test_supported_currencies_base_is_usd" time="0.041" /><testcase classname="backend.tests.test_currency_system.TestCurrencySupported" name="test_african_currencies_present" time="0.040" /><testcase classname="backend.tests.test_currency_system.TestCurrencyRates" name="test_rates_returns_200" time="0.251" /><testcase classname="backend.tests.test_currency_system.TestCurrencyRates" name="test_rates_has_base_usd" time="0.034" /><testcase classname="backend.tests.test_currency_system.TestCurrencyRates" name="test_rates_has_all_currencies" time="0.040" /><testcase classname="backend.tests.test_currency_system.TestCurrencyRates" name="test_rates_usd_is_one" time="0.041" /><testcase classname="backend.tests.test_currency_system.TestCurrencyRates" name="test_rates_has_timestamp" time="0.038" /><testcase classname="backend.tests.test_currency_system.TestCurrencyRates" name="test_african_currencies_realistic_rates" time="0.047" /><testcase classname="backend.tests.test_currency_system.TestCurrencyConvert" name="test_convert_usd_to_ngn" time="0.040" /><testcase classname="backend.tests.test_currency_system.TestCurrencyConvert" name="test_convert_eur_to_gbp" time="0.042" /><testcase classname="backend.tests.test_currency_system.TestCurrencyConvert" name="test_convert_same_currency" time="0.039" /><testcase classname="backend.tests.test_currency_system.TestCurrencyConvert" name="test_convert_formatted_output" time="0.039" /><testcase classname="backend.tests.test_currency_system.TestCurrencyConvert" name="test_convert_invalid_from_currency" time="0.034" /><testcase classname="backend.tests.test_currency_system.TestCurrencyConvert" name="test_convert_invalid_to_currency" time="0.044" /><testcase classname="backend.tests.test_currency_system.TestCurrencyConvert" name="test_convert_decimal_amounts" time="0.035" /><testcase classname="backend.tests.test_currency_system.TestCurrencyConvert" name="test_convert_african_to_major" time="0.037" /><testcase classname="backend.tests.test_currency_system.TestCurrencyPreference" name="test_preference_get_requires_auth" time="0.035" /><testcase classname="backend.tests.test_currency_system.TestCurrencyPreference" name="test_preference_put_requires_auth" time="0.037" /><testcase classname="backend.tests.test_currency_system.TestCurrencyPreference" name="test_preference_get_with_auth" time="0.340" /><testcase classname="backend.tests.test_currency_system.TestCurrencyPreference" name="test_preference_put_valid_currency" time="0.341" /><testcase classname="backend.tests.test_currency_system.TestCurrencyPreference" name="test_preference_put_invalid_currency" time="0.297" /><testcase classname="backend.tests.test_currency_system.TestCurrencyPreference" name="test_preference_set_all_currencies" time="0.823" /><testcase classname="backend.tests.test_currency_system.TestCurrencyFormat" name="test_format_usd" time="0.037" /><testcase classname="backend.tests.test_currency_system.TestCurrencyFormat" name="test_format_ngn_no_decimals" time="0.031" /><testcase classname="backend.tests.test_currency_system.TestCurrencyFormat" name="test_format_eur" time="0.035" /><testcase classname="backend.tests.test_currency_system.TestCurrencyFormat" name="test_format_invalid_currency" time="0.034" /><testcase classname="backend.tests.test_currency_system.TestCurrencyFormat" name="test_format_cfa_currencies" time="0.067" /></testsuite></testsuites>