<?xml version="1.0" encoding="utf-8"?><testsuites name="pytest tests"><testsuite name="pytest" errors="0" failures="0" skipped="0" tests="15" time="3.301" timestamp="2026-02-08T17:31:01.213994+00:00" hostname="agent-env-55b8b31d-45b8-487d-965d-345932eafecd"><testcase classname="backend.tests.test_email_preferences_weekly_reports.TestEmailPreferencesEndpoints" name="test_get_email_preferences_requires_auth" time="0.079" /><testcase classname="backend.tests.test_email_preferences_weekly_reports.TestEmailPreferencesEndpoints" name="test_get_email_preferences_returns_all_settings" time="0.326" /><testcase classname="backend.tests.test_email_preferences_weekly_reports.TestEmailPreferencesEndpoints" name="test_put_email_preferences_updates_single_field" time="0.346" /><testcase classname="backend.tests.test_email_preferences_weekly_reports.TestEmailPreferencesEndpoints" name="test_put_email_preferences_updates_multiple_fields" time="0.341" /><testcase classname="backend.tests.test_email_preferences_weekly_reports.TestEmailPreferencesEndpoints" name="test_put_email_preferences_requires_auth" time="0.039" /><testcase classname="backend.tests.test_email_preferences_weekly_reports.TestWeeklyReportEndpoints" name="test_preview_weekly_report_requires_auth" time="0.041" /><testcase classname="backend.tests.test_email_preferences_weekly_reports.TestWeeklyReportEndpoints" name="test_preview_weekly_report_starter_plan_denied" time="0.274" /><testcase classname="backend.tests.test_email_preferences_weekly_reports.TestWeeklyReportEndpoints" name="test_send_weekly_report_requires_auth" time="0.044" /><testcase classname="backend.tests.test_email_preferences_weekly_reports.TestWeeklyReportEndpoints" name="test_send_weekly_report_starter_plan_denied" time="0.302" /><testcase classname="backend.tests.test_email_preferences_weekly_reports.TestWeeklyReportEndpoints" name="test_send_weekly_report_invalid_vendor" time="0.275" /><testcase classname="backend.tests.test_email_preferences_weekly_reports.TestWeeklyReportEndpoints" name="test_send_all_weekly_reports_requires_api_key" time="0.043" /><testcase classname="backend.tests.test_email_preferences_weekly_reports.TestWeeklyReportEndpoints" name="test_send_all_weekly_reports_invalid_api_key" time="0.037" /><testcase classname="backend.tests.test_email_preferences_weekly_reports.TestEmailPreferencesIntegration" name="test_weekly_report_toggle_affects_preferences" time="0.385" /><testcase classname="backend.tests.test_email_preferences_weekly_reports.TestEmailPreferencesIntegration" name="test_all_notification_toggles_work" time="0.429" /><testcase classname="backend.tests.test_email_preferences_weekly_reports.TestWeeklyReportDataStructure" name="test_admin_can_preview_weekly_report" time="0.272" /></testsuite></testsuites>