<?xml version="1.0" encoding="utf-8"?><testsuites name="pytest tests"><testsuite name="pytest" errors="0" failures="2" skipped="0" tests="12" time="6.085" timestamp="2026-02-08T21:13:37.757141+00:00" hostname="agent-env-d2ba28b9-02bc-4bc1-aa03-2a860122320d"><testcase classname="backend.tests.test_google_oauth.TestGoogleOAuthSession" name="test_google_session_requires_session_id" time="0.073"><failure message="assert 520 == 400&#10; +  where 520 = &lt;Response [520]&gt;.status_code">backend/tests/test_google_oauth.py:32: in test_google_session_requires_session_id
    assert response.status_code == 400
E   assert 520 == 400
E    +  where 520 = &lt;Response [520]&gt;.status_code</failure></testcase><testcase classname="backend.tests.test_google_oauth.TestGoogleOAuthSession" name="test_google_session_rejects_invalid_session" time="0.213"><failure message="assert 520 == 401&#10; +  where 520 = &lt;Response [520]&gt;.status_code">backend/tests/test_google_oauth.py:44: in test_google_session_rejects_invalid_session
    assert response.status_code == 401
E   assert 520 == 401
E    +  where 520 = &lt;Response [520]&gt;.status_code</failure></testcase><testcase classname="backend.tests.test_google_oauth.TestAuthMeEndpoint" name="test_auth_me_requires_authentication" time="0.040" /><testcase classname="backend.tests.test_google_oauth.TestAuthMeEndpoint" name="test_auth_me_with_google_session_header" time="0.861" /><testcase classname="backend.tests.test_google_oauth.TestAuthMeEndpoint" name="test_auth_me_with_google_session_cookie" time="0.878" /><testcase classname="backend.tests.test_google_oauth.TestJWTAuthentication" name="test_login_valid_credentials" time="1.057" /><testcase classname="backend.tests.test_google_oauth.TestJWTAuthentication" name="test_login_invalid_credentials" time="0.042" /><testcase classname="backend.tests.test_google_oauth.TestJWTAuthentication" name="test_login_google_only_user_rejected" time="0.837" /><testcase classname="backend.tests.test_google_oauth.TestGoogleLogout" name="test_google_logout_clears_session" time="0.967" /><testcase classname="backend.tests.test_google_oauth.TestGoogleLogout" name="test_google_logout_without_session" time="0.040" /><testcase classname="backend.tests.test_google_oauth.TestProtectedEndpoints" name="test_user_dashboard_requires_auth" time="0.054" /><testcase classname="backend.tests.test_google_oauth.TestProtectedEndpoints" name="test_orders_endpoint_with_google_session" time="0.909" /></testsuite></testsuites>