<?xml version="1.0" encoding="utf-8"?><testsuites name="pytest tests"><testsuite name="pytest" errors="0" failures="0" skipped="0" tests="12" time="5.564" timestamp="2026-02-08T21:14:15.516119+00:00" hostname="agent-env-d2ba28b9-02bc-4bc1-aa03-2a860122320d"><testcase classname="backend.tests.test_google_oauth.TestGoogleOAuthSession" name="test_google_session_requires_session_id" time="0.045" /><testcase classname="backend.tests.test_google_oauth.TestGoogleOAuthSession" name="test_google_session_rejects_invalid_session" time="0.139" /><testcase classname="backend.tests.test_google_oauth.TestAuthMeEndpoint" name="test_auth_me_requires_authentication" time="0.054" /><testcase classname="backend.tests.test_google_oauth.TestAuthMeEndpoint" name="test_auth_me_with_google_session_header" time="0.822" /><testcase classname="backend.tests.test_google_oauth.TestAuthMeEndpoint" name="test_auth_me_with_google_session_cookie" time="0.814" /><testcase classname="backend.tests.test_google_oauth.TestJWTAuthentication" name="test_login_valid_credentials" time="1.010" /><testcase classname="backend.tests.test_google_oauth.TestJWTAuthentication" name="test_login_invalid_credentials" time="0.050" /><testcase classname="backend.tests.test_google_oauth.TestJWTAuthentication" name="test_login_google_only_user_rejected" time="0.780" /><testcase classname="backend.tests.test_google_oauth.TestGoogleLogout" name="test_google_logout_clears_session" time="0.901" /><testcase classname="backend.tests.test_google_oauth.TestGoogleLogout" name="test_google_logout_without_session" time="0.035" /><testcase classname="backend.tests.test_google_oauth.TestProtectedEndpoints" name="test_user_dashboard_requires_auth" time="0.035" /><testcase classname="backend.tests.test_google_oauth.TestProtectedEndpoints" name="test_orders_endpoint_with_google_session" time="0.824" /></testsuite></testsuites>