<?xml version="1.0" encoding="utf-8"?><testsuites name="pytest tests"><testsuite name="pytest" errors="0" failures="0" skipped="0" tests="18" time="1.202" timestamp="2026-02-08T23:04:07.925937+00:00" hostname="agent-env-d2ba28b9-02bc-4bc1-aa03-2a860122320d"><testcase classname="backend.tests.test_ip_currency_detection.TestCurrencyDetection" name="test_detect_currency_returns_200" time="0.152" /><testcase classname="backend.tests.test_ip_currency_detection.TestCurrencyDetection" name="test_detect_currency_has_required_fields" time="0.094" /><testcase classname="backend.tests.test_ip_currency_detection.TestCurrencyDetection" name="test_detect_currency_has_currency_details" time="0.101" /><testcase classname="backend.tests.test_ip_currency_detection.TestCurrencyDetection" name="test_detect_currency_returns_valid_currency" time="0.098" /><testcase classname="backend.tests.test_ip_currency_detection.TestCurrencyDetection" name="test_detect_returns_ip_address" time="0.092" /><testcase classname="backend.tests.test_ip_currency_detection.TestCountryMapping" name="test_country_mapping_returns_200" time="0.041" /><testcase classname="backend.tests.test_ip_currency_detection.TestCountryMapping" name="test_country_mapping_has_required_structure" time="0.045" /><testcase classname="backend.tests.test_ip_currency_detection.TestCountryMapping" name="test_country_mapping_has_38_plus_countries" time="0.043" /><testcase classname="backend.tests.test_ip_currency_detection.TestCountryMapping" name="test_country_mapping_has_12_currencies" time="0.039" /><testcase classname="backend.tests.test_ip_currency_detection.TestCountryMapping" name="test_african_countries_mapped_correctly" time="0.035" /><testcase classname="backend.tests.test_ip_currency_detection.TestCountryMapping" name="test_european_countries_mapped_correctly" time="0.038" /><testcase classname="backend.tests.test_ip_currency_detection.TestCountryMapping" name="test_other_major_countries_mapped" time="0.046" /><testcase classname="backend.tests.test_ip_currency_detection.TestCountryMapping" name="test_cfa_countries_mapped_to_correct_zones" time="0.039" /><testcase classname="backend.tests.test_ip_currency_detection.TestDetectionEdgeCases" name="test_detect_with_x_forwarded_for_header" time="0.092" /><testcase classname="backend.tests.test_ip_currency_detection.TestDetectionEdgeCases" name="test_detect_with_private_ip_header" time="0.037" /><testcase classname="backend.tests.test_ip_currency_detection.TestDetectionEdgeCases" name="test_detect_with_localhost" time="0.041" /><testcase classname="backend.tests.test_ip_currency_detection.TestAllSupportedCurrencies" name="test_all_supported_currencies_available" time="0.041" /><testcase classname="backend.tests.test_ip_currency_detection.TestAllSupportedCurrencies" name="test_all_currencies_have_country_mapping" time="0.038" /></testsuite></testsuites>