<?xml version="1.0" encoding="utf-8"?><testsuites name="pytest tests"><testsuite name="pytest" errors="0" failures="4" skipped="0" tests="20" time="4.240" timestamp="2026-02-08T21:47:38.453849+00:00" hostname="agent-env-d2ba28b9-02bc-4bc1-aa03-2a860122320d"><testcase classname="backend.tests.test_messaging_compare_gallery.TestMessagingAPI" name="test_get_unread_count_unauthenticated" time="0.076"><failure message="assert 401 == 403&#10; +  where 401 = &lt;Response [401]&gt;.status_code">backend/tests/test_messaging_compare_gallery.py:54: in test_get_unread_count_unauthenticated
    assert response.status_code == 403
E   assert 401 == 403
E    +  where 401 = &lt;Response [401]&gt;.status_code</failure></testcase><testcase classname="backend.tests.test_messaging_compare_gallery.TestMessagingAPI" name="test_get_unread_count_authenticated" time="0.786" /><testcase classname="backend.tests.test_messaging_compare_gallery.TestMessagingAPI" name="test_get_conversations_unauthenticated" time="0.042"><failure message="assert 401 == 403&#10; +  where 401 = &lt;Response [401]&gt;.status_code">backend/tests/test_messaging_compare_gallery.py:69: in test_get_conversations_unauthenticated
    assert response.status_code == 403
E   assert 401 == 403
E    +  where 401 = &lt;Response [401]&gt;.status_code</failure></testcase><testcase classname="backend.tests.test_messaging_compare_gallery.TestMessagingAPI" name="test_get_conversations_authenticated" time="0.043" /><testcase classname="backend.tests.test_messaging_compare_gallery.TestMessagingAPI" name="test_send_message_unauthenticated" time="0.039"><failure message="assert 401 == 403&#10; +  where 401 = &lt;Response [401]&gt;.status_code">backend/tests/test_messaging_compare_gallery.py:92: in test_send_message_unauthenticated
    assert response.status_code == 403
E   assert 401 == 403
E    +  where 401 = &lt;Response [401]&gt;.status_code</failure></testcase><testcase classname="backend.tests.test_messaging_compare_gallery.TestMessagingAPI" name="test_send_message_to_self" time="0.304" /><testcase classname="backend.tests.test_messaging_compare_gallery.TestMessagingAPI" name="test_send_message_to_nonexistent_user" time="0.112" /><testcase classname="backend.tests.test_messaging_compare_gallery.TestMessagingAPI" name="test_start_vendor_conversation_unauthenticated" time="0.194"><failure message="assert 401 == 403&#10; +  where 401 = &lt;Response [401]&gt;.status_code">backend/tests/test_messaging_compare_gallery.py:122: in test_start_vendor_conversation_unauthenticated
    assert response.status_code == 403
E   assert 401 == 403
E    +  where 401 = &lt;Response [401]&gt;.status_code</failure></testcase><testcase classname="backend.tests.test_messaging_compare_gallery.TestMessagingAPI" name="test_start_vendor_conversation_nonexistent" time="0.193" /><testcase classname="backend.tests.test_messaging_compare_gallery.TestMessagingAPI" name="test_get_conversation_nonexistent" time="0.080" /><testcase classname="backend.tests.test_messaging_compare_gallery.TestMessagingAPI" name="test_delete_conversation_nonexistent" time="0.059" /><testcase classname="backend.tests.test_messaging_compare_gallery.TestProductsForImageGallery" name="test_products_have_images_array" time="0.042" /><testcase classname="backend.tests.test_messaging_compare_gallery.TestProductsForImageGallery" name="test_product_detail_has_images" time="0.079" /><testcase classname="backend.tests.test_messaging_compare_gallery.TestProductsForCompareFeature" name="test_products_have_compare_fields" time="0.043" /><testcase classname="backend.tests.test_messaging_compare_gallery.TestProductsForCompareFeature" name="test_product_detail_has_compare_fields" time="0.668" /><testcase classname="backend.tests.test_messaging_compare_gallery.TestVendorsForMessaging" name="test_vendors_list" time="0.116" /><testcase classname="backend.tests.test_messaging_compare_gallery.TestVendorsForMessaging" name="test_vendor_detail" time="0.076" /><testcase classname="backend.tests.test_messaging_compare_gallery.TestMessagingIntegration" name="test_full_messaging_flow" time="0.741" /><testcase classname="backend.tests.test_messaging_compare_gallery.TestMessageValidation" name="test_empty_message_rejected" time="0.336" /><testcase classname="backend.tests.test_messaging_compare_gallery.TestMessageValidation" name="test_message_max_length" time="0.078" /></testsuite></testsuites>