<?xml version="1.0" encoding="utf-8"?><testsuites name="pytest tests"><testsuite name="pytest" errors="0" failures="0" skipped="0" tests="19" time="7.758" timestamp="2026-02-07T14:38:12.396666+00:00" hostname="agent-env-443773b6-2e2a-487d-b6e1-f9eaa92db651"><testcase classname="backend.tests.test_afrovending.TestHealthAndCategories" name="test_health_endpoint" time="0.075" /><testcase classname="backend.tests.test_afrovending.TestHealthAndCategories" name="test_get_categories" time="0.038" /><testcase classname="backend.tests.test_afrovending.TestAuthentication" name="test_vendor_login" time="0.270" /><testcase classname="backend.tests.test_afrovending.TestAuthentication" name="test_admin_login" time="0.259" /><testcase classname="backend.tests.test_afrovending.TestAuthentication" name="test_invalid_login" time="0.037" /><testcase classname="backend.tests.test_afrovending.TestAuthentication" name="test_register_new_customer" time="0.259" /><testcase classname="backend.tests.test_afrovending.TestVendorServices" name="test_create_service" time="0.337" /><testcase classname="backend.tests.test_afrovending.TestVendorServices" name="test_get_services" time="0.035" /><testcase classname="backend.tests.test_afrovending.TestVendorServices" name="test_get_service_by_id" time="0.367" /><testcase classname="backend.tests.test_afrovending.TestVendorServices" name="test_get_service_timeslots" time="0.383" /><testcase classname="backend.tests.test_afrovending.TestBookingFlow" name="test_create_booking" time="0.635" /><testcase classname="backend.tests.test_afrovending.TestBookingFlow" name="test_get_customer_bookings" time="0.698" /><testcase classname="backend.tests.test_afrovending.TestBookingFlow" name="test_get_vendor_bookings" time="0.663" /><testcase classname="backend.tests.test_afrovending.TestEscrowPaymentFlow" name="test_checkout_endpoint_exists" time="1.399" /><testcase classname="backend.tests.test_afrovending.TestEscrowPaymentFlow" name="test_confirm_delivery_requires_payment" time="0.685" /><testcase classname="backend.tests.test_afrovending.TestEscrowPaymentFlow" name="test_booking_status_update" time="0.659" /><testcase classname="backend.tests.test_afrovending.TestEscrowPaymentFlow" name="test_customer_can_cancel_pending_booking" time="0.722" /><testcase classname="backend.tests.test_afrovending.TestVendorManagement" name="test_get_vendors_list" time="0.035" /><testcase classname="backend.tests.test_afrovending.TestVendorManagement" name="test_get_approved_vendor" time="0.071" /></testsuite></testsuites>