<?xml version="1.0" encoding="utf-8"?><testsuites name="pytest tests"><testsuite name="pytest" errors="0" failures="0" skipped="0" tests="29" time="37.633" timestamp="2026-02-07T17:48:40.214658+00:00" hostname="agent-env-443773b6-2e2a-487d-b6e1-f9eaa92db651"><testcase classname="backend.tests.test_afrovending.TestHealthAndCategories" name="test_health_endpoint" time="0.092" /><testcase classname="backend.tests.test_afrovending.TestHealthAndCategories" name="test_get_categories" time="0.038" /><testcase classname="backend.tests.test_afrovending.TestAuthentication" name="test_vendor_login" time="0.262" /><testcase classname="backend.tests.test_afrovending.TestAuthentication" name="test_admin_login" time="0.261" /><testcase classname="backend.tests.test_afrovending.TestAuthentication" name="test_invalid_login" time="0.074" /><testcase classname="backend.tests.test_afrovending.TestAuthentication" name="test_register_new_customer" time="0.257" /><testcase classname="backend.tests.test_afrovending.TestVendorServices" name="test_create_service" time="0.330" /><testcase classname="backend.tests.test_afrovending.TestVendorServices" name="test_get_services" time="0.040" /><testcase classname="backend.tests.test_afrovending.TestVendorServices" name="test_get_service_by_id" time="0.360" /><testcase classname="backend.tests.test_afrovending.TestVendorServices" name="test_get_service_timeslots" time="0.376" /><testcase classname="backend.tests.test_afrovending.TestBookingFlow" name="test_create_booking" time="0.633" /><testcase classname="backend.tests.test_afrovending.TestBookingFlow" name="test_get_customer_bookings" time="0.659" /><testcase classname="backend.tests.test_afrovending.TestBookingFlow" name="test_get_vendor_bookings" time="0.659" /><testcase classname="backend.tests.test_afrovending.TestEscrowPaymentFlow" name="test_checkout_endpoint_exists" time="1.090" /><testcase classname="backend.tests.test_afrovending.TestEscrowPaymentFlow" name="test_confirm_delivery_requires_payment" time="0.675" /><testcase classname="backend.tests.test_afrovending.TestEscrowPaymentFlow" name="test_booking_status_update" time="0.708" /><testcase classname="backend.tests.test_afrovending.TestEscrowPaymentFlow" name="test_customer_can_cancel_pending_booking" time="0.657" /><testcase classname="backend.tests.test_afrovending.TestVendorManagement" name="test_get_vendors_list" time="0.076" /><testcase classname="backend.tests.test_afrovending.TestVendorManagement" name="test_get_approved_vendor" time="0.071" /><testcase classname="backend.tests.test_vendor_payout.TestVendorPayoutEndpoints" name="test_payout_summary_endpoint" time="0.295" /><testcase classname="backend.tests.test_vendor_payout.TestVendorPayoutEndpoints" name="test_payout_transactions_endpoint" time="0.295" /><testcase classname="backend.tests.test_vendor_payout.TestVendorPayoutEndpoints" name="test_stripe_status_endpoint" time="0.292" /><testcase classname="backend.tests.test_vendor_payout.TestVendorPayoutEndpoints" name="test_stripe_connect_endpoint" time="0.508" /><testcase classname="backend.tests.test_vendor_payout.TestVendorPayoutEndpoints" name="test_payout_request_requires_stripe_account" time="0.292" /><testcase classname="backend.tests.test_vendor_payout.TestVendorPayoutEndpoints" name="test_payout_endpoints_require_vendor_auth" time="0.162" /><testcase classname="backend.tests.test_vendor_payout.TestVendorPayoutEndpoints" name="test_payout_endpoints_require_vendor_role" time="27.775" /><testcase classname="backend.tests.test_vendor_payout.TestExistingServiceBookingFlow" name="test_services_endpoint_works" time="0.041" /><testcase classname="backend.tests.test_vendor_payout.TestExistingServiceBookingFlow" name="test_vendor_bookings_endpoint_works" time="0.299" /><testcase classname="backend.tests.test_vendor_payout.TestExistingServiceBookingFlow" name="test_customer_bookings_endpoint_works" time="0.290" /></testsuite></testsuites>