<?xml version="1.0" encoding="utf-8"?><testsuites name="pytest tests"><testsuite name="pytest" errors="0" failures="0" skipped="0" tests="31" time="1.487" timestamp="2026-02-07T17:59:16.461035+00:00" hostname="agent-env-443773b6-2e2a-487d-b6e1-f9eaa92db651"><testcase classname="backend.tests.test_search_filters.TestUnifiedSearch" name="test_search_endpoint_basic" time="0.081" /><testcase classname="backend.tests.test_search_filters.TestUnifiedSearch" name="test_search_with_query" time="0.051" /><testcase classname="backend.tests.test_search_filters.TestUnifiedSearch" name="test_search_products_only" time="0.037" /><testcase classname="backend.tests.test_search_filters.TestUnifiedSearch" name="test_search_services_only" time="0.041" /><testcase classname="backend.tests.test_search_filters.TestUnifiedSearch" name="test_search_with_price_range" time="0.040" /><testcase classname="backend.tests.test_search_filters.TestUnifiedSearch" name="test_search_with_sort" time="0.036" /><testcase classname="backend.tests.test_search_filters.TestUnifiedSearch" name="test_search_with_pagination" time="0.038" /><testcase classname="backend.tests.test_search_filters.TestSearchSuggestions" name="test_suggestions_endpoint" time="0.033" /><testcase classname="backend.tests.test_search_filters.TestSearchSuggestions" name="test_suggestions_short_query" time="0.033" /><testcase classname="backend.tests.test_search_filters.TestSearchSuggestions" name="test_suggestions_with_limit" time="0.037" /><testcase classname="backend.tests.test_search_filters.TestProductsFilters" name="test_products_basic" time="0.041" /><testcase classname="backend.tests.test_search_filters.TestProductsFilters" name="test_products_with_search" time="0.042" /><testcase classname="backend.tests.test_search_filters.TestProductsFilters" name="test_products_with_category_ids" time="0.070" /><testcase classname="backend.tests.test_search_filters.TestProductsFilters" name="test_products_with_price_range" time="0.034" /><testcase classname="backend.tests.test_search_filters.TestProductsFilters" name="test_products_with_rating_filter" time="0.033" /><testcase classname="backend.tests.test_search_filters.TestProductsFilters" name="test_products_in_stock_filter" time="0.035" /><testcase classname="backend.tests.test_search_filters.TestProductsFilters" name="test_products_sort_by_price_asc" time="0.038" /><testcase classname="backend.tests.test_search_filters.TestProductsFilters" name="test_products_sort_by_price_desc" time="0.045" /><testcase classname="backend.tests.test_search_filters.TestProductsFilters" name="test_products_sort_by_name" time="0.035" /><testcase classname="backend.tests.test_search_filters.TestServicesFilters" name="test_services_basic" time="0.037" /><testcase classname="backend.tests.test_search_filters.TestServicesFilters" name="test_services_with_search" time="0.034" /><testcase classname="backend.tests.test_search_filters.TestServicesFilters" name="test_services_with_location_type" time="0.113" /><testcase classname="backend.tests.test_search_filters.TestServicesFilters" name="test_services_with_price_range" time="0.042" /><testcase classname="backend.tests.test_search_filters.TestServicesFilters" name="test_services_with_rating_filter" time="0.036" /><testcase classname="backend.tests.test_search_filters.TestServicesFilters" name="test_services_sort_by_price" time="0.037" /><testcase classname="backend.tests.test_search_filters.TestServicesFilters" name="test_services_with_category_ids" time="0.071" /><testcase classname="backend.tests.test_search_filters.TestCategoriesEndpoint" name="test_categories_list" time="0.033" /><testcase classname="backend.tests.test_search_filters.TestVendorsEndpoint" name="test_vendors_list" time="0.033" /><testcase classname="backend.tests.test_search_filters.TestVendorsEndpoint" name="test_vendors_approved_filter" time="0.029" /><testcase classname="backend.tests.test_search_filters.TestServiceBookingFlow" name="test_service_detail" time="0.066" /><testcase classname="backend.tests.test_search_filters.TestServiceBookingFlow" name="test_booking_requires_auth" time="0.067" /></testsuite></testsuites>