<?xml version="1.0" encoding="utf-8"?><testsuites name="pytest tests"><testsuite name="pytest" errors="0" failures="0" skipped="0" tests="28" time="4.728" timestamp="2026-02-08T21:29:57.260149+00:00" hostname="agent-env-d2ba28b9-02bc-4bc1-aa03-2a860122320d"><testcase classname="tests.test_shipping_addresses.TestShippingAddresses" name="test_01_get_addresses_empty_or_existing" time="0.295" /><testcase classname="tests.test_shipping_addresses.TestShippingAddresses" name="test_02_create_address" time="0.276" /><testcase classname="tests.test_shipping_addresses.TestShippingAddresses" name="test_03_verify_address_persisted" time="0.280" /><testcase classname="tests.test_shipping_addresses.TestShippingAddresses" name="test_04_get_single_address" time="0.271" /><testcase classname="tests.test_shipping_addresses.TestShippingAddresses" name="test_05_update_address" time="0.319" /><testcase classname="tests.test_shipping_addresses.TestShippingAddresses" name="test_06_verify_update_persisted" time="0.276" /><testcase classname="tests.test_shipping_addresses.TestShippingAddresses" name="test_07_create_second_address" time="0.320" /><testcase classname="tests.test_shipping_addresses.TestShippingAddresses" name="test_08_set_default_address" time="0.322" /><testcase classname="tests.test_shipping_addresses.TestShippingAddresses" name="test_09_verify_default_updated" time="0.268" /><testcase classname="tests.test_shipping_addresses.TestShippingAddresses" name="test_10_delete_address" time="0.269" /><testcase classname="tests.test_shipping_addresses.TestShippingAddresses" name="test_11_verify_delete" time="0.269" /><testcase classname="tests.test_shipping_addresses.TestShippingAddresses" name="test_12_cleanup_test_addresses" time="0.326" /><testcase classname="tests.test_shipping_addresses.TestShippingAddressesValidation" name="test_create_address_missing_required_field" time="0.271" /><testcase classname="tests.test_shipping_addresses.TestShippingAddressesValidation" name="test_get_nonexistent_address" time="0.271" /><testcase classname="tests.test_shipping_addresses.TestShippingAddressesValidation" name="test_update_nonexistent_address" time="0.269" /><testcase classname="tests.test_shipping_addresses.TestShippingAddressesValidation" name="test_delete_nonexistent_address" time="0.267" /><testcase classname="tests.test_shipping_addresses.TestAddressesUnauthenticated" name="test_get_addresses_requires_auth" time="0.034" /><testcase classname="tests.test_shipping_addresses.TestAddressesUnauthenticated" name="test_create_address_requires_auth" time="0.037" /><testcase classname="tests.test_email_templates.TestEmailTemplates" name="test_booking_created_template" time="0.002" /><testcase classname="tests.test_email_templates.TestEmailTemplates" name="test_booking_created_without_notes" time="0.000" /><testcase classname="tests.test_email_templates.TestEmailTemplates" name="test_booking_status_template" time="0.002" /><testcase classname="tests.test_email_templates.TestEmailTemplates" name="test_booking_status_cancelled" time="0.000" /><testcase classname="tests.test_email_templates.TestEmailTemplates" name="test_payment_released_template" time="0.001" /><testcase classname="tests.test_email_templates.TestEmailTemplates" name="test_order_status_template" time="0.001" /><testcase classname="tests.test_email_templates.TestEmailTemplates" name="test_weekly_report_template" time="0.004" /><testcase classname="tests.test_email_templates.TestEmailTemplates" name="test_weekly_report_all_negative_changes" time="0.000" /><testcase classname="tests.test_email_templates.TestEmailTemplates" name="test_template_html_structure" time="0.000" /><testcase classname="tests.test_email_templates.TestEmailTemplates" name="test_template_escaping" time="0.000" /></testsuite></testsuites>