<?xml version="1.0" encoding="utf-8"?><testsuites name="pytest tests"><testsuite name="pytest" errors="0" failures="0" skipped="0" tests="21" time="7.157" timestamp="2026-02-08T22:30:45.108274+00:00" hostname="agent-env-d2ba28b9-02bc-4bc1-aa03-2a860122320d"><testcase classname="backend.tests.test_storefront_analytics.TestStorefrontAnalytics" name="test_track_view_basic" time="0.367" /><testcase classname="backend.tests.test_storefront_analytics.TestStorefrontAnalytics" name="test_track_view_with_referrer" time="0.275" /><testcase classname="backend.tests.test_storefront_analytics.TestStorefrontAnalytics" name="test_track_view_with_mobile_user_agent" time="0.267" /><testcase classname="backend.tests.test_storefront_analytics.TestStorefrontAnalytics" name="test_track_view_with_tablet_user_agent" time="0.279" /><testcase classname="backend.tests.test_storefront_analytics.TestStorefrontAnalytics" name="test_track_view_with_product_click" time="0.307" /><testcase classname="backend.tests.test_storefront_analytics.TestStorefrontAnalytics" name="test_track_view_public_endpoint" time="0.305" /><testcase classname="backend.tests.test_storefront_analytics.TestStorefrontAnalytics" name="test_track_view_invalid_vendor_404" time="0.269" /><testcase classname="backend.tests.test_storefront_analytics.TestStorefrontAnalytics" name="test_track_view_generates_session_id_if_missing" time="0.279" /><testcase classname="backend.tests.test_storefront_analytics.TestStorefrontAnalytics" name="test_get_analytics_full_data" time="0.272" /><testcase classname="backend.tests.test_storefront_analytics.TestStorefrontAnalytics" name="test_get_analytics_device_breakdown_structure" time="0.273" /><testcase classname="backend.tests.test_storefront_analytics.TestStorefrontAnalytics" name="test_get_analytics_top_referrers_structure" time="0.308" /><testcase classname="backend.tests.test_storefront_analytics.TestStorefrontAnalytics" name="test_get_analytics_peak_hours_structure" time="0.273" /><testcase classname="backend.tests.test_storefront_analytics.TestStorefrontAnalytics" name="test_get_analytics_views_by_day_structure" time="0.269" /><testcase classname="backend.tests.test_storefront_analytics.TestStorefrontAnalytics" name="test_get_analytics_requires_auth" time="0.302" /><testcase classname="backend.tests.test_storefront_analytics.TestStorefrontAnalytics" name="test_get_analytics_different_date_ranges" time="0.384" /><testcase classname="backend.tests.test_storefront_analytics.TestStorefrontAnalytics" name="test_get_analytics_invalid_vendor_404" time="0.309" /><testcase classname="backend.tests.test_storefront_analytics.TestStorefrontAnalytics" name="test_get_analytics_summary" time="0.275" /><testcase classname="backend.tests.test_storefront_analytics.TestStorefrontAnalytics" name="test_get_analytics_summary_requires_auth" time="0.318" /><testcase classname="backend.tests.test_storefront_analytics.TestStorefrontAnalytics" name="test_get_analytics_summary_invalid_vendor_404" time="0.272" /><testcase classname="backend.tests.test_storefront_analytics.TestStorefrontAnalytics" name="test_track_multiple_views_and_verify_counts" time="0.805" /><testcase classname="backend.tests.test_storefront_analytics.TestStorefrontAnalytics" name="test_referrer_aggregation" time="0.631" /></testsuite></testsuites>