<?xml version="1.0" encoding="utf-8"?><testsuites name="pytest tests"><testsuite name="pytest" errors="0" failures="0" skipped="1" tests="24" time="7.231" timestamp="2026-02-08T22:16:42.106243+00:00" hostname="agent-env-d2ba28b9-02bc-4bc1-aa03-2a860122320d"><testcase classname="tests.test_storefront_customization.TestStorefrontCustomization" name="test_get_storefront_returns_defaults" time="0.365" /><testcase classname="tests.test_storefront_customization.TestStorefrontCustomization" name="test_get_storefront_no_auth_works" time="0.303" /><testcase classname="tests.test_storefront_customization.TestStorefrontCustomization" name="test_get_storefront_invalid_vendor_404" time="0.276" /><testcase classname="tests.test_storefront_customization.TestStorefrontCustomization" name="test_update_storefront_basic" time="0.286" /><testcase classname="tests.test_storefront_customization.TestStorefrontCustomization" name="test_update_storefront_theme_custom_colors" time="0.319" /><testcase classname="tests.test_storefront_customization.TestStorefrontCustomization" name="test_update_storefront_social_links" time="0.285" /><testcase classname="tests.test_storefront_customization.TestStorefrontCustomization" name="test_update_storefront_display_toggles" time="0.290" /><testcase classname="tests.test_storefront_customization.TestStorefrontCustomization" name="test_update_storefront_requires_auth" time="0.340" /><testcase classname="tests.test_storefront_customization.TestStorefrontCustomization" name="test_get_theme_presets" time="0.265" /><testcase classname="tests.test_storefront_customization.TestStorefrontCustomization" name="test_apply_theme_preset_classic" time="0.311" /><testcase classname="tests.test_storefront_customization.TestStorefrontCustomization" name="test_apply_theme_preset_ocean" time="0.280" /><testcase classname="tests.test_storefront_customization.TestStorefrontCustomization" name="test_apply_theme_preset_forest" time="0.274" /><testcase classname="tests.test_storefront_customization.TestStorefrontCustomization" name="test_apply_theme_preset_sunset" time="0.274" /><testcase classname="tests.test_storefront_customization.TestStorefrontCustomization" name="test_apply_theme_preset_royal" time="0.272" /><testcase classname="tests.test_storefront_customization.TestStorefrontCustomization" name="test_apply_theme_preset_midnight" time="0.273" /><testcase classname="tests.test_storefront_customization.TestStorefrontCustomization" name="test_apply_invalid_preset_returns_400" time="0.273" /><testcase classname="tests.test_storefront_customization.TestStorefrontCustomization" name="test_apply_preset_requires_auth" time="0.298" /><testcase classname="tests.test_storefront_customization.TestStorefrontCustomization" name="test_update_featured_products" time="0.335" /><testcase classname="tests.test_storefront_customization.TestStorefrontCustomization" name="test_featured_products_max_6" time="0.283"><skipped type="pytest.skip" message="Not enough products to test max limit">/app/backend/tests/test_storefront_customization.py:374: Not enough products to test max limit</skipped></testcase><testcase classname="tests.test_storefront_customization.TestStorefrontCustomization" name="test_featured_products_requires_auth" time="0.300" /><testcase classname="tests.test_storefront_customization.TestStorefrontCustomization" name="test_update_layout_grid" time="0.325" /><testcase classname="tests.test_storefront_customization.TestStorefrontCustomization" name="test_update_layout_list" time="0.319" /><testcase classname="tests.test_storefront_customization.TestStorefrontCustomization" name="test_update_layout_masonry" time="0.284" /><testcase classname="tests.test_storefront_customization.TestStorefrontCustomization" name="test_cleanup_reset_storefront" time="0.311" /></testsuite></testsuites>