<?xml version="1.0" encoding="utf-8"?><testsuites name="pytest tests"><testsuite name="pytest" errors="0" failures="0" skipped="0" tests="19" time="4.126" timestamp="2026-02-08T16:56:23.696023+00:00" hostname="agent-env-55b8b31d-45b8-487d-965d-345932eafecd"><testcase classname="backend.tests.test_subscription_system.TestSubscriptionPlans" name="test_get_all_plans_returns_4_plans" time="0.075" /><testcase classname="backend.tests.test_subscription_system.TestSubscriptionPlans" name="test_starter_plan_details" time="0.043" /><testcase classname="backend.tests.test_subscription_system.TestSubscriptionPlans" name="test_growth_plan_details" time="0.041" /><testcase classname="backend.tests.test_subscription_system.TestSubscriptionPlans" name="test_pro_plan_details" time="0.041" /><testcase classname="backend.tests.test_subscription_system.TestSubscriptionPlans" name="test_enterprise_plan_details" time="0.041" /><testcase classname="backend.tests.test_subscription_system.TestCurrentSubscription" name="test_current_subscription_requires_auth" time="0.037" /><testcase classname="backend.tests.test_subscription_system.TestCurrentSubscription" name="test_vendor_gets_current_subscription" time="0.315" /><testcase classname="backend.tests.test_subscription_system.TestCurrentSubscription" name="test_vendor_default_to_starter_plan" time="0.303" /><testcase classname="backend.tests.test_subscription_system.TestProductLimitEnforcement" name="test_product_limit_check_in_subscription" time="0.306" /><testcase classname="backend.tests.test_subscription_system.TestSubscriptionCheckout" name="test_checkout_requires_auth" time="0.040" /><testcase classname="backend.tests.test_subscription_system.TestSubscriptionCheckout" name="test_checkout_rejects_starter_plan" time="0.297" /><testcase classname="backend.tests.test_subscription_system.TestSubscriptionCheckout" name="test_checkout_rejects_enterprise_plan" time="0.301" /><testcase classname="backend.tests.test_subscription_system.TestSubscriptionCheckout" name="test_checkout_rejects_invalid_plan" time="0.303" /><testcase classname="backend.tests.test_subscription_system.TestSubscriptionCheckout" name="test_checkout_growth_plan_creates_session" time="1.703" /><testcase classname="backend.tests.test_subscription_system.TestSubscriptionPlanFeatures" name="test_all_plans_have_features" time="0.037" /><testcase classname="backend.tests.test_subscription_system.TestSubscriptionPlanFeatures" name="test_starter_features_include_basics" time="0.039" /><testcase classname="backend.tests.test_subscription_system.TestSubscriptionPlanFeatures" name="test_growth_features_include_upgrades" time="0.036" /><testcase classname="backend.tests.test_subscription_system.TestSubscriptionPlanFeatures" name="test_pro_features_include_unlimited" time="0.038" /><testcase classname="backend.tests.test_subscription_system.TestSubscriptionPlanFeatures" name="test_enterprise_features_include_custom" time="0.036" /></testsuite></testsuites>