<?xml version="1.0" encoding="utf-8"?><testsuites name="pytest tests"><testsuite name="pytest" errors="0" failures="0" skipped="0" tests="14" time="1.173" timestamp="2026-02-07T18:15:46.398909+00:00" hostname="agent-env-443773b6-2e2a-487d-b6e1-f9eaa92db651"><testcase classname="backend.tests.test_product_variants.TestProductVariants" name="test_get_product_with_variants" time="0.075" /><testcase classname="backend.tests.test_product_variants.TestProductVariants" name="test_variant_has_required_fields" time="0.035" /><testcase classname="backend.tests.test_product_variants.TestProductVariants" name="test_variant_prices" time="0.039" /><testcase classname="backend.tests.test_product_variants.TestProductVariants" name="test_out_of_stock_variant" time="0.038" /><testcase classname="backend.tests.test_product_variants.TestProductVariants" name="test_product_without_variants" time="0.081" /><testcase classname="backend.tests.test_product_variants.TestCartWithVariants" name="test_add_variant_to_cart" time="0.350" /><testcase classname="backend.tests.test_product_variants.TestCartWithVariants" name="test_cart_shows_variant_info" time="0.038" /><testcase classname="backend.tests.test_product_variants.TestCartWithVariants" name="test_add_variant_without_selection_fails" time="0.041" /><testcase classname="backend.tests.test_product_variants.TestCartWithVariants" name="test_add_out_of_stock_variant_fails" time="0.098" /><testcase classname="backend.tests.test_product_variants.TestCartWithVariants" name="test_cart_price_uses_variant_price" time="0.146" /><testcase classname="backend.tests.test_product_variants.TestCartWithVariants" name="test_cleanup_cart" time="0.034" /><testcase classname="backend.tests.test_product_variants.TestSearchWithVariants" name="test_search_finds_variant_product" time="0.037" /><testcase classname="backend.tests.test_product_variants.TestSearchWithVariants" name="test_products_filter_works" time="0.039" /><testcase classname="backend.tests.test_product_variants.TestSearchWithVariants" name="test_products_sort_works" time="0.042" /></testsuite></testsuites>