<?xml version="1.0" encoding="utf-8"?><testsuites name="pytest tests"><testsuite name="pytest" errors="0" failures="0" skipped="0" tests="15" time="1.046" timestamp="2026-02-08T17:46:21.744079+00:00" hostname="agent-env-55b8b31d-45b8-487d-965d-345932eafecd"><testcase classname="backend.tests.test_verified_seller_badge.TestVerifiedSellerBadgeBackend" name="test_products_list_returns_is_verified_seller_field" time="0.087" /><testcase classname="backend.tests.test_verified_seller_badge.TestVerifiedSellerBadgeBackend" name="test_product_detail_returns_is_verified_seller_field" time="0.083" /><testcase classname="backend.tests.test_verified_seller_badge.TestVerifiedSellerBadgeBackend" name="test_featured_products_returns_is_verified_seller_field" time="0.049" /><testcase classname="backend.tests.test_verified_seller_badge.TestVerifiedSellerBadgeBackend" name="test_search_products_returns_is_verified_seller_field" time="0.056" /><testcase classname="backend.tests.test_verified_seller_badge.TestVerifiedSellerBadgeBackend" name="test_vendors_list_returns_is_verified_seller_field" time="0.050" /><testcase classname="backend.tests.test_verified_seller_badge.TestVerifiedSellerBadgeBackend" name="test_vendors_list_returns_subscription_plan_field" time="0.042" /><testcase classname="backend.tests.test_verified_seller_badge.TestVerifiedSellerBadgeBackend" name="test_vendor_detail_returns_is_verified_seller_field" time="0.081" /><testcase classname="backend.tests.test_verified_seller_badge.TestVerifiedSellerBadgeBackend" name="test_vendor_detail_returns_subscription_plan_field" time="0.117" /><testcase classname="backend.tests.test_verified_seller_badge.TestVerifiedSellerBadgeBackend" name="test_featured_vendors_returns_is_verified_seller_field" time="0.044" /><testcase classname="backend.tests.test_verified_seller_badge.TestVerifiedSellerBadgeBackend" name="test_verified_seller_only_for_growth_plus_plans" time="0.043" /><testcase classname="backend.tests.test_verified_seller_badge.TestVerifiedSellerBadgeBackend" name="test_starter_plan_vendors_not_verified" time="0.042" /><testcase classname="backend.tests.test_verified_seller_badge.TestVerifiedSellerBadgeBackend" name="test_products_from_verified_vendor_show_verified_badge" time="0.099" /><testcase classname="backend.tests.test_verified_seller_badge.TestVerifiedSellerBadgeBackend" name="test_products_from_non_verified_vendor_no_badge" time="0.092" /><testcase classname="backend.tests.test_verified_seller_badge.TestVerifiedSellerBadgeSpecificVendors" name="test_lagos_african_crafts_is_verified" time="0.045" /><testcase classname="backend.tests.test_verified_seller_badge.TestVerifiedSellerBadgeSpecificVendors" name="test_african_crafts_shop_not_verified" time="0.045" /></testsuite></testsuites>