<?xml version="1.0" encoding="utf-8"?><testsuites name="pytest tests"><testsuite name="pytest" errors="0" failures="0" skipped="0" tests="12" time="3.258" timestamp="2026-02-08T22:05:59.117822+00:00" hostname="agent-env-d2ba28b9-02bc-4bc1-aa03-2a860122320d"><testcase classname="tests.test_websocket_messaging.TestOnlineStatusEndpoint" name="test_online_status_unauthenticated" time="0.099" /><testcase classname="tests.test_websocket_messaging.TestOnlineStatusEndpoint" name="test_online_status_authenticated" time="0.311" /><testcase classname="tests.test_websocket_messaging.TestOnlineStatusEndpoint" name="test_online_status_empty_user_ids" time="0.043" /><testcase classname="tests.test_websocket_messaging.TestOnlineStatusEndpoint" name="test_online_status_single_user" time="0.043" /><testcase classname="tests.test_websocket_messaging.TestMarkMessageRead" name="test_mark_message_read_unauthenticated" time="0.076" /><testcase classname="tests.test_websocket_messaging.TestMarkMessageRead" name="test_mark_message_read_nonexistent" time="0.312" /><testcase classname="tests.test_websocket_messaging.TestWebSocketEndpoint" name="test_websocket_connection_accepts" time="0.057" /><testcase classname="tests.test_websocket_messaging.TestWebSocketEndpoint" name="test_websocket_typing_message" time="0.549" /><testcase classname="tests.test_websocket_messaging.TestMessageBroadcastIntegration" name="test_message_send_triggers_broadcast_logic" time="0.694" /><testcase classname="tests.test_websocket_messaging.TestReadReceiptLogic" name="test_fetching_messages_marks_as_read" time="0.640" /><testcase classname="tests.test_websocket_messaging.TestConversationReadStatus" name="test_conversation_has_unread_count" time="0.306" /><testcase classname="tests.test_websocket_messaging.TestConversationReadStatus" name="test_single_conversation_has_unread_count" time="0.075" /></testsuite></testsuites>